1.

1

3.

5 1 9 
8 4 3 
2 7 6 


5.

13 7 1 25 19 
18 12 6 5 24 
23 17 11 10 4 
3 22 16 15 9 
8 2 21 20 14 


7.

25 17 9 1 49 41 33 
32 24 16 8 7 48 40 
39 31 23 15 14 6 47 
46 38 30 22 21 13 5 
4 45 37 29 28 20 12 
11 3 44 36 35 27 19 
18 10 2 43 42 34 26 


9.

41 31 21 11 1 81 71 61 51 
50 40 30 20 10 9 80 70 60 
59 49 39 29 19 18 8 79 69 
68 58 48 38 28 27 17 7 78 
77 67 57 47 37 36 26 16 6 
5 76 66 56 46 45 35 25 15 
14 4 75 65 55 54 44 34 24 
23 13 3 74 64 63 53 43 33 
32 22 12 2 73 72 62 52 42 


